<?xml version="1.0" encoding="UTF-8"?>
<testsuite xmlns:xsi="http://www.w3.org/2001/XMLSchema-instance" xsi:noNamespaceSchemaLocation="https://maven.apache.org/surefire/maven-surefire-plugin/xsd/surefire-test-report.xsd" name="com.wiley.ngguessthenumber.dao.GameDaoDBTest" time="2.402" tests="2" errors="0" skipped="0" failures="0">
  <properties>
[...]
</properties>
  <testcase name="testUpdateGame" classname="com.wiley.ngguessthenumber.dao.GameDaoDBTest" time="0.216"/>
  <testcase name="testAddGetGame" classname="com.wiley.ngguessthenumber.dao.GameDaoDBTest" time="0.007"/>
</testsuite>