<?xml version="1.0" encoding="UTF-8" ?>
<testsuite tests="9" failures="0" name="com.wiley.ngflooring.service.FlooringServiceLayerImplTest" time="0.022" errors="0" skipped="0">
  <properties>
[...]
</properties>
  <testcase classname="com.wiley.ngflooring.service.FlooringServiceLayerImplTest" name="testValidateCustomerName" time="0.002"/>
  <testcase classname="com.wiley.ngflooring.service.FlooringServiceLayerImplTest" name="testValidateMinArea" time="0"/>
  <testcase classname="com.wiley.ngflooring.service.FlooringServiceLayerImplTest" name="testValidateProduct" time="0.001"/>
  <testcase classname="com.wiley.ngflooring.service.FlooringServiceLayerImplTest" name="testValidateAddOrderDate" time="0.016"/>
  <testcase classname="com.wiley.ngflooring.service.FlooringServiceLayerImplTest" name="testValidateDate" time="0.001"/>
  <testcase classname="com.wiley.ngflooring.service.FlooringServiceLayerImplTest" name="testValidateState" time="0.001"/>
  <testcase classname="com.wiley.ngflooring.service.FlooringServiceLayerImplTest" name="testValidateArea" time="0"/>
  <testcase classname="com.wiley.ngflooring.service.FlooringServiceLayerImplTest" name="testgetAllOrders" time="0.001"/>
  <testcase classname="com.wiley.ngflooring.service.FlooringServiceLayerImplTest" name="testGetOrder" time="0"/>
</testsuite>